<?xml version="1.0" encoding="UTF-8"?>
<testng-results skipped="0" failed="0" ignored="0" total="1" passed="1">
  <reporter-output>
  </reporter-output>
  <suite name="Default suite" duration-ms="38748" started-at="2021-10-08T02:54:57 SGT" finished-at="2021-10-08T02:55:36 SGT">
    <groups>
    </groups>
    <test name="Default test" duration-ms="38748" started-at="2021-10-08T02:54:57 SGT" finished-at="2021-10-08T02:55:36 SGT">
      <class name="PocTest">
        <test-method status="PASS" signature="setUp()[pri:0, instance:PocTest@5ed828d]" name="setUp" is-config="true" duration-ms="14977" started-at="2021-10-08T02:54:57 SGT" finished-at="2021-10-08T02:55:12 SGT">
          <reporter-output>
          </reporter-output>
        </test-method> <!-- setUp -->
        <test-method status="PASS" signature="myPOC()[pri:0, instance:PocTest@5ed828d]" name="myPOC" duration-ms="17787" started-at="2021-10-08T02:55:12 SGT" finished-at="2021-10-08T02:55:30 SGT">
          <reporter-output>
          </reporter-output>
        </test-method> <!-- myPOC -->
        <test-method status="PASS" signature="tearDown()[pri:0, instance:PocTest@5ed828d]" name="tearDown" is-config="true" duration-ms="5919" started-at="2021-10-08T02:55:30 SGT" finished-at="2021-10-08T02:55:36 SGT">
          <reporter-output>
          </reporter-output>
        </test-method> <!-- tearDown -->
      </class> <!-- PocTest -->
    </test> <!-- Default test -->
  </suite> <!-- Default suite -->
</testng-results>
